#
# A fatal error has been detected by the Java Runtime Environment:
#
#  SIGILL (0x4) at pc=0x00007fff8836c730, pid=5227, tid=4879
#
# JRE version: Java(TM) SE Runtime Environment (7.0_67-b01) (build 1.7.0_67-b01)
# Java VM: Java HotSpot(TM) 64-Bit Server VM (24.65-b04 mixed mode bsd-amd64 compressed oops)
# Problematic frame:
# C  [AppKit+0x23730]  -[NSApplication nextEventMatchingMask:untilDate:inMode:dequeue:]+0xc2
#
# Failed to write core dump. Core dumps have been disabled. To enable core dumping, try "ulimit -c unlimited" before starting Java again
#
# If you would like to submit a bug report, please visit:
#   http://bugreport.sun.com/bugreport/crash.jsp
# The crash happened outside the Java Virtual Machine in native code.
# See problematic frame for where to report the bug.
#

---------------  T H R E A D  ---------------

Current thread (0x0000000101811800):  JavaThread "main" [_thread_in_native, id=4879, stack(0x00007fff5fb80000,0x00007fff5fc00000)]

siginfo:si_signo=SIGILL: si_errno=0, si_code=0 (ILL0), si_addr=0x00007fff8836c730

Registers:
RAX=0x00007fff5fbfd628, RBX=0x0000000000000000, RCX=0x0000000000000018, RDX=0xffffffffffffffe0
RSP=0x00007fff5fbfd4c0, RBP=0x00017fff5fbfd750, RSI=0x00007fff5fbfd458, RDI=0x00007fff5fbfd6c0
R8 =0x00007fff5fbfd010, R9 =0x00007fff774bb300, R10=0x00006180001e35d0, R11=0x00000000000002a8
R12=0x0000000000000001, R13=0x0000000000000000, R14=0x00007fff76933070, R15=0x0000000000000000
RIP=0x00007fff8836c730, EFLAGS=0x0000000000010206, ERR=0x0000000000000000
  TRAPNO=0x000000000000000c

Top of Stack: (sp=0x00007fff5fbfd4c0)
0x00007fff5fbfd4c0:   00007fff5fbfd620 ff80000000001000
0x00007fff5fbfd4d0:   000000000000ffff 0000000000000030
0x00007fff5fbfd4e0:   00007fff5fbfd658 0000000000000002
0x00007fff5fbfd4f0:   00007fff5fbfd510 00007fff92f56f9e
0x00007fff5fbfd500:   fffffffffffffffe 0000000000000001
0x00007fff5fbfd510:   00007fff5fbfd5a0 00007fff87a83208
0x00007fff5fbfd520:   00007fff75ad07a8 0000000000002b00
0x00007fff5fbfd530:   0000000000000000 0000000000000000
0x00007fff5fbfd540:   0000000000000011 0000000000000008
0x00007fff5fbfd550:   ffffffffffffffef 0000000000000012
0x00007fff5fbfd560:   fffffffffffffff0 00007fff91edbdd4
0x00007fff5fbfd570:   000000000000000e 0000000000000000
0x00007fff5fbfd580:   00007fff5fbfd5fc 00007fff5fbfd600
0x00007fff5fbfd590:   00007fff5fbfd604 0000608000160850
0x00007fff5fbfd5a0:   ffffffffffffffff 0001206800000040
0x00007fff5fbfd5b0:   0000608000160868 0000608000160850
0x00007fff5fbfd5c0:   00006000001805c0 0000608000160840
0x00007fff5fbfd5d0:   00007fff76933070 0000600000335fe0
0x00007fff5fbfd5e0:   00007fff5fbfd620 00007fff91edbb4e
0x00007fff5fbfd5f0:   0000600000336008 0001206800335ff0
0x00007fff5fbfd600:   0000608000000db0 0000000000000000
0x00007fff5fbfd610:   00007fff75aa9f60 0000600000100120
0x00007fff5fbfd620:   0000608000162100 000000f800000003
0x00007fff5fbfd630:   0000000000000005 4074ef0000000000
0x00007fff5fbfd640:   4074a70000000000 406f3e0000000000
0x00007fff5fbfd650:   4073370000000000 00002052fc6a1267
0x00007fff5fbfd660:   0000128300000100 000000000002a63f
0x00007fff5fbfd670:   0000000000000000 0000001400000000
0x00007fff5fbfd680:   0000000000000000 0000000000000001
0x00007fff5fbfd690:   00000001000017c6 000000000000146b
0x00007fff5fbfd6a0:   0002a63f00111111 0000000000000000
0x00007fff5fbfd6b0:   00000001108656d2 00fe011a00030000 

Instructions: (pc=0x00007fff8836c730)
0x00007fff8836c710:   bd d8 fe ff ff 45 31 ed 31 f6 48 8b 95 b8 fe ff
0x00007fff8836c720:   ff 48 89 c1 4c 8b 85 c0 fe ff ff e8 8d 04 00 00
0x00007fff8836c730:   8b 85 e0 fe ff ff 48 85 c0 0f 84 56 04 00 00 b9
0x00007fff8836c740:   00 1c 00 00 48 0f a3 c1 73 72 8b 9d 14 ff ff ff 

Register to memory mapping:

RAX=0x00007fff5fbfd628 is pointing into the stack for thread: 0x0000000101811800
RBX=0x0000000000000000 is an unknown value
RCX=0x0000000000000018 is an unknown value
RDX=0xffffffffffffffe0 is an unknown value
RSP=0x00007fff5fbfd4c0 is pointing into the stack for thread: 0x0000000101811800
RBP=0x00017fff5fbfd750 is an unknown value
RSI=0x00007fff5fbfd458 is pointing into the stack for thread: 0x0000000101811800
RDI=0x00007fff5fbfd6c0 is pointing into the stack for thread: 0x0000000101811800
R8 =0x00007fff5fbfd010 is pointing into the stack for thread: 0x0000000101811800
R9 =0x00007fff774bb300: _thread+0 in /usr/lib/system/libsystem_pthread.dylib at 0x00007fff91eda000
R10=0x00006180001e35d0 is an unknown value
R11=0x00000000000002a8 is an unknown value
R12=0x0000000000000001 is an unknown value
R13=0x0000000000000000 is an unknown value
R14=0x00007fff76933070: __stack_chk_guard+0 in /usr/lib/system/libsystem_c.dylib at 0x00007fff8d6d1000
R15=0x0000000000000000 is an unknown value


Stack: [0x00007fff5fb80000,0x00007fff5fc00000],  sp=0x00007fff5fbfd4c0,  free space=501k
Native frames: (J=compiled Java code, j=interpreted, Vv=VM code, C=native code)
C  [AppKit+0x23730]  -[NSApplication nextEventMatchingMask:untilDate:inMode:dequeue:]+0xc2
