#
# A fatal error has been detected by the Java Runtime Environment:
#
#  SIGILL (0x4) at pc=0x00007fff89036730, pid=592, tid=4879
#
# JRE version: Java(TM) SE Runtime Environment (7.0_67-b01) (build 1.7.0_67-b01)
# Java VM: Java HotSpot(TM) 64-Bit Server VM (24.65-b04 mixed mode bsd-amd64 compressed oops)
# Problematic frame:
# C  [AppKit+0x23730]  -[NSApplication nextEventMatchingMask:untilDate:inMode:dequeue:]+0xc2
#
# Failed to write core dump. Core dumps have been disabled. To enable core dumping, try "ulimit -c unlimited" before starting Java again
#
# If you would like to submit a bug report, please visit:
#   http://bugreport.sun.com/bugreport/crash.jsp
# The crash happened outside the Java Virtual Machine in native code.
# See problematic frame for where to report the bug.
#

---------------  T H R E A D  ---------------

Current thread (0x0000000101816000):  JavaThread "main" [_thread_in_native, id=4879, stack(0x00007fff5fb80000,0x00007fff5fc00000)]

siginfo:si_signo=SIGILL: si_errno=0, si_code=0 (ILL0), si_addr=0x00007fff89036730

Registers:
RAX=0x00007fff5fbfd688, RBX=0x0000000000000000, RCX=0x0000000000000018, RDX=0xffffffffffffffe0
RSP=0x00007fff5fbfd520, RBP=0x00017fff5fbfd7b0, RSI=0x00007fff5fbfd4b8, RDI=0x00007fff5fbfd720
R8 =0x0000000000000100, R9 =0xbaddc0dedeadbead, R10=0x0000000100dad260, R11=0x00000000000002a8
R12=0x0000000000000001, R13=0x0000000000000000, R14=0x00007fff733b6070, R15=0x0000000000000000
RIP=0x00007fff89036730, EFLAGS=0x0000000000010206, ERR=0x0000000000000000
  TRAPNO=0x000000000000000c

Top of Stack: (sp=0x00007fff5fbfd520)
0x00007fff5fbfd520:   00007fff5fbfd680 0000000800000006
0x00007fff5fbfd530:   0000000000000000 0000610000044bf0
0x00007fff5fbfd540:   00000001003161c0 00000001003161d0
0x00007fff5fbfd550:   00000001003165a8 00000000000003d8
0x00007fff5fbfd560:   0000000106072f80 000061000002e0e0
0x00007fff5fbfd570:   0000000000000000 0000610000243720
0x00007fff5fbfd580:   0000000000000000 00000007e0ace218
0x00007fff5fbfd590:   0000000100316618 00000007d0884320
0x00007fff5fbfd5a0:   00000001018161e8 0000000101816000
0x00007fff5fbfd5b0:   00007fff5fbfd620 00000001063b8233
0x00007fff5fbfd5c0:   00007fff5fbfd680 00000001063b8233
0x00007fff5fbfd5d0:   00000007e0ace218 00000007faa38338
0x00007fff5fbfd5e0:   00007fff5fbfd5e0 0000000000000120
0x00007fff5fbfd5f0:   00007fff5fbfd5f0 00000007d0a97500
0x00007fff5fbfd600:   00007fff5fbfd640 00000007d0acb608
0x00007fff5fbfd610:   00000007d3a3f2e0 00000007d0a97528
0x00007fff5fbfd620:   0000000000000000 00007fff5fbfd640
0x00007fff5fbfd630:   00007fff5fbfd688 00000001063b8350
0x00007fff5fbfd640:   00000007faa38338 00007fff5fbfd648
0x00007fff5fbfd650:   00000007d0a93789 00007fff5fbfd698
0x00007fff5fbfd660:   0000618000000980 0000000000000000
0x00007fff5fbfd670:   00007fff71552f60 0000610000101290
0x00007fff5fbfd680:   0000000000000000 0000000000000000
0x00007fff5fbfd690:   0000000000000000 0000000000000000
0x00007fff5fbfd6a0:   0000000000000000 0000000000000000
0x00007fff5fbfd6b0:   0000000000000000 0000000000000000
0x00007fff5fbfd6c0:   0000000000000000 0000000000000000
0x00007fff5fbfd6d0:   0000000000000000 0000000000000000
0x00007fff5fbfd6e0:   0000000000000000 0000000000000000
0x00007fff5fbfd6f0:   0000000000000000 0000000000000000
0x00007fff5fbfd700:   0000000000000000 0000000000000000
0x00007fff5fbfd710:   0000000000000000 0000000000000000 

Instructions: (pc=0x00007fff89036730)
0x00007fff89036710:   bd d8 fe ff ff 45 31 ed 31 f6 48 8b 95 b8 fe ff
0x00007fff89036720:   ff 48 89 c1 4c 8b 85 c0 fe ff ff e8 8d 04 00 00
0x00007fff89036730:   8b 85 e0 fe ff ff 48 85 c0 0f 84 56 04 00 00 b9
0x00007fff89036740:   00 1c 00 00 48 0f a3 c1 73 72 8b 9d 14 ff ff ff 

Register to memory mapping:

RAX=0x00007fff5fbfd688 is pointing into the stack for thread: 0x0000000101816000
RBX=0x0000000000000000 is an unknown value
RCX=0x0000000000000018 is an unknown value
RDX=0xffffffffffffffe0 is an unknown value
RSP=0x00007fff5fbfd520 is pointing into the stack for thread: 0x0000000101816000
RBP=0x00017fff5fbfd7b0 is an unknown value
RSI=0x00007fff5fbfd4b8 is pointing into the stack for thread: 0x0000000101816000
RDI=0x00007fff5fbfd720 is pointing into the stack for thread: 0x0000000101816000
R8 =0x0000000000000100 is an unknown value
R9 =0xbaddc0dedeadbead is an unknown value
R10=0x0000000100dad260 is an unknown value
R11=0x00000000000002a8 is an unknown value
R12=0x0000000000000001 is an unknown value
R13=0x0000000000000000 is an unknown value
R14=0x00007fff733b6070: __stack_chk_guard+0 in /usr/lib/system/libsystem_c.dylib at 0x00007fff8d9d9000
R15=0x0000000000000000 is an unknown value


Stack: [0x00007fff5fb80000,0x00007fff5fc00000],  sp=0x00007fff5fbfd520,  free space=501k
Native frames: (J=compiled Java code, j=interpreted, Vv=VM code, C=native code)
C  [AppKit+0x23730]  -[NSApplication nextEventMatchingMask:untilDate:inMode:dequeue:]+0xc2
